2019-12-16 22:03:15:787 [INFO ] runner: Found Terraform binary terraform with version 0.12.18
2019-12-16 22:03:15:834 [INFO ] runner: Found Terraform binary /usr/bin/terraform with version 0.12.18
2019-12-16 22:03:15:907 [INFO ] file-system-watcher: Crawling workspace for terraform files...
2019-12-16 22:03:16:068 [INFO ] file-system-watcher: Indexed file:///home/alex/docs/notes/azure/ter.tf
2019-12-16 22:03:16:068 [DEBUG] telemetry: Not sending metric initialCrawl
2019-12-16 22:03:16:068 [DEBUG] telemetry:     totalTimeMs: 161.613862
2019-12-16 22:03:16:068 [DEBUG] telemetry:     numberOfDocs: 1
2019-12-16 22:03:16:068 [DEBUG] telemetry:     averagePerDocTimeMs: 161.613862
2019-12-16 22:03:16:069 [DEBUG] telemetry: Not sending metric activated
2019-12-16 22:03:16:069 [DEBUG] telemetry:     activateTimeMs: 322.846054
2019-12-16 22:05:15:485 [DEBUG] telemetry: Not sending metric provideDocumentSymbols
2019-12-16 22:05:15:485 [DEBUG] telemetry:     symbolCount: 0
2019-12-16 22:05:39:755 [DEBUG] telemetry: Not sending metric provideDocumentSymbols
2019-12-16 22:05:39:756 [DEBUG] telemetry:     symbolCount: 1
2019-12-16 22:05:43:160 [DEBUG] telemetry: Not sending metric provideDocumentSymbols
2019-12-16 22:05:43:160 [DEBUG] telemetry:     symbolCount: 1
2019-12-16 22:05:44:306 [DEBUG] telemetry: Not sending metric provideDocumentSymbols
2019-12-16 22:05:44:306 [DEBUG] telemetry:     symbolCount: 1
2019-12-16 22:05:44:974 [DEBUG] telemetry: Not sending metric provideDocumentSymbols
2019-12-16 22:05:44:974 [DEBUG] telemetry:     symbolCount: 1
2019-12-16 22:05:45:699 [DEBUG] telemetry: Not sending metric provideDocumentSymbols
2019-12-16 22:05:45:699 [DEBUG] telemetry:     symbolCount: 1
2019-12-16 22:05:47:312 [DEBUG] telemetry: Not sending metric provideDocumentSymbols
2019-12-16 22:05:47:312 [DEBUG] telemetry:     symbolCount: 1
2019-12-16 22:05:50:093 [DEBUG] telemetry: Not sending metric provideDocumentSymbols
2019-12-16 22:05:50:093 [DEBUG] telemetry:     symbolCount: 1
2019-12-16 22:05:50:817 [INFO ] file-system-watcher: Indexed file:///home/alex/docs/notes/azure/ter.tf
2019-12-16 22:06:05:472 [DEBUG] telemetry: Not sending metric provideDocumentSymbols
2019-12-16 22:06:05:472 [DEBUG] telemetry:     symbolCount: 1
2019-12-16 22:06:13:677 [DEBUG] telemetry: Not sending metric provideDocumentSymbols
2019-12-16 22:06:13:677 [DEBUG] telemetry:     symbolCount: 1
2019-12-16 22:06:18:494 [DEBUG] telemetry: Not sending metric provideDocumentSymbols
2019-12-16 22:06:18:494 [DEBUG] telemetry:     symbolCount: 1
2019-12-16 22:06:21:491 [DEBUG] telemetry: Not sending metric provideDocumentSymbols
2019-12-16 22:06:21:492 [DEBUG] telemetry:     symbolCount: 1
2019-12-16 22:06:21:958 [DEBUG] telemetry: Not sending metric provideDocumentSymbols
2019-12-16 22:06:21:958 [DEBUG] telemetry:     symbolCount: 1
2019-12-16 22:06:22:733 [DEBUG] telemetry: Not sending metric provideDocumentSymbols
2019-12-16 22:06:22:733 [DEBUG] telemetry:     symbolCount: 1
2019-12-16 22:06:25:763 [DEBUG] telemetry: Not sending metric provideDocumentSymbols
2019-12-16 22:06:25:763 [DEBUG] telemetry:     symbolCount: 1
2019-12-16 22:06:26:309 [DEBUG] telemetry: Not sending metric provideDocumentSymbols
2019-12-16 22:06:26:309 [DEBUG] telemetry:     symbolCount: 1
2019-12-16 22:06:27:117 [DEBUG] telemetry: Not sending metric provideDocumentSymbols
2019-12-16 22:06:27:117 [DEBUG] telemetry:     symbolCount: 1
2019-12-16 22:06:29:322 [DEBUG] telemetry: Not sending metric provideDocumentSymbols
2019-12-16 22:06:29:322 [DEBUG] telemetry:     symbolCount: 1
2019-12-16 22:06:30:419 [DEBUG] telemetry: Not sending metric provideDocumentSymbols
2019-12-16 22:06:30:419 [DEBUG] telemetry:     symbolCount: 1
2019-12-16 22:06:31:542 [DEBUG] telemetry: Not sending metric provideDocumentSymbols
2019-12-16 22:06:31:542 [DEBUG] telemetry:     symbolCount: 1
2019-12-16 22:06:32:215 [DEBUG] telemetry: Not sending metric provideDocumentSymbols
2019-12-16 22:06:32:215 [DEBUG] telemetry:     symbolCount: 1
2019-12-16 22:06:32:721 [DEBUG] telemetry: Not sending metric provideDocumentSymbols
2019-12-16 22:06:32:722 [DEBUG] telemetry:     symbolCount: 1
2019-12-16 22:06:39:302 [INFO ] file-system-watcher: Indexed file:///home/alex/docs/notes/azure/ter.tf
2019-12-16 22:06:42:030 [DEBUG] telemetry: Not sending metric provideDocumentSymbols
2019-12-16 22:06:42:031 [DEBUG] telemetry:     symbolCount: 1
2019-12-16 22:07:03:498 [DEBUG] telemetry: Not sending metric provideDocumentSymbols
2019-12-16 22:07:03:498 [DEBUG] telemetry:     symbolCount: 1
2019-12-16 22:07:05:457 [DEBUG] telemetry: Not sending metric provideDocumentSymbols
2019-12-16 22:07:05:457 [DEBUG] telemetry:     symbolCount: 1
2019-12-16 22:07:06:362 [DEBUG] telemetry: Not sending metric provideDocumentSymbols
2019-12-16 22:07:06:362 [DEBUG] telemetry:     symbolCount: 1
2019-12-16 22:07:07:122 [DEBUG] telemetry: Not sending metric provideDocumentSymbols
2019-12-16 22:07:07:122 [DEBUG] telemetry:     symbolCount: 1
2019-12-16 22:07:08:172 [DEBUG] telemetry: Not sending metric provideDocumentSymbols
2019-12-16 22:07:08:172 [DEBUG] telemetry:     symbolCount: 1
2019-12-16 22:07:09:516 [DEBUG] telemetry: Not sending metric provideDocumentSymbols
2019-12-16 22:07:09:516 [DEBUG] telemetry:     symbolCount: 1
2019-12-16 22:07:10:391 [DEBUG] telemetry: Not sending metric provideDocumentSymbols
2019-12-16 22:07:10:391 [DEBUG] telemetry:     symbolCount: 1
2019-12-16 22:07:11:149 [DEBUG] telemetry: Not sending metric provideDocumentSymbols
2019-12-16 22:07:11:149 [DEBUG] telemetry:     symbolCount: 1
2019-12-16 22:07:12:082 [DEBUG] telemetry: Not sending metric provideDocumentSymbols
2019-12-16 22:07:12:082 [DEBUG] telemetry:     symbolCount: 1
2019-12-16 22:07:13:400 [DEBUG] telemetry: Not sending metric provideDocumentSymbols
2019-12-16 22:07:13:400 [DEBUG] telemetry:     symbolCount: 1
2019-12-16 22:07:15:897 [DEBUG] telemetry: Not sending metric provideDocumentSymbols
2019-12-16 22:07:15:897 [DEBUG] telemetry:     symbolCount: 1
2019-12-16 22:07:17:613 [DEBUG] telemetry: Not sending metric provideDocumentSymbols
2019-12-16 22:07:17:613 [DEBUG] telemetry:     symbolCount: 1
2019-12-16 22:07:19:084 [DEBUG] telemetry: Not sending metric provideDocumentSymbols
2019-12-16 22:07:19:084 [DEBUG] telemetry:     symbolCount: 1
2019-12-16 22:07:36:569 [DEBUG] telemetry: Not sending metric provideDocumentSymbols
2019-12-16 22:07:36:569 [DEBUG] telemetry:     symbolCount: 1
2019-12-16 22:07:37:422 [DEBUG] telemetry: Not sending metric provideDocumentSymbols
2019-12-16 22:07:37:422 [DEBUG] telemetry:     symbolCount: 1
2019-12-16 22:07:37:798 [DEBUG] telemetry: Not sending metric provideDocumentSymbols
2019-12-16 22:07:37:798 [DEBUG] telemetry:     symbolCount: 1
2019-12-16 22:07:39:619 [DEBUG] telemetry: Not sending metric provideDocumentSymbols
2019-12-16 22:07:39:619 [DEBUG] telemetry:     symbolCount: 1
2019-12-16 22:07:41:816 [DEBUG] telemetry: Not sending metric provideDocumentSymbols
2019-12-16 22:07:41:816 [DEBUG] telemetry:     symbolCount: 1
2019-12-16 22:07:43:132 [DEBUG] telemetry: Not sending metric provideDocumentSymbols
2019-12-16 22:07:43:132 [DEBUG] telemetry:     symbolCount: 1
2019-12-16 22:07:44:257 [DEBUG] telemetry: Not sending metric provideDocumentSymbols
2019-12-16 22:07:44:257 [DEBUG] telemetry:     symbolCount: 1
2019-12-16 22:07:45:064 [DEBUG] telemetry: Not sending metric provideDocumentSymbols
2019-12-16 22:07:45:064 [DEBUG] telemetry:     symbolCount: 1
2019-12-16 22:07:45:563 [DEBUG] telemetry: Not sending metric provideDocumentSymbols
2019-12-16 22:07:45:563 [DEBUG] telemetry:     symbolCount: 1
2019-12-16 22:08:12:603 [DEBUG] telemetry: Not sending metric provideDocumentSymbols
2019-12-16 22:08:12:603 [DEBUG] telemetry:     symbolCount: 1
2019-12-16 22:13:18:445 [INFO ] file-system-watcher: Index not generated for: file:///home/alex/docs/notes/azure/ter.tf
